Testsuite: test.rdfasquare.RegressionJUnitTest
Tests run: 1, Failures: 0, Errors: 1, Time elapsed: 1.485 sec

Testcase: testRDFaSquareTestCaseJUnit took 0.215 sec
	Caused an ERROR
Could not start Selenium session: Failed to start new browser session: Error while launching browser
java.lang.RuntimeException: Could not start Selenium session: Failed to start new browser session: Error while launching browser
	at com.thoughtworks.selenium.DefaultSelenium.start(DefaultSelenium.java:109)
	at test.rdfasquare.RegressionJUnitTest.setUp(Unknown Source)
	at com.thoughtworks.selenium.SeleneseTestCase.runBare(SeleneseTestCase.java:248)
Caused by: com.thoughtworks.selenium.SeleniumException: Failed to start new browser session: Error while launching browser
	at com.thoughtworks.selenium.HttpCommandProcessor.throwAssertionFailureExceptionOrError(HttpCommandProcessor.java:112)
	at com.thoughtworks.selenium.HttpCommandProcessor.doCommand(HttpCommandProcessor.java:106)
	at com.thoughtworks.selenium.HttpCommandProcessor.getString(HttpCommandProcessor.java:275)
	at com.thoughtworks.selenium.HttpCommandProcessor.start(HttpCommandProcessor.java:237)
	at com.thoughtworks.selenium.DefaultSelenium.start(DefaultSelenium.java:100)

